<?xml version="1.0" encoding="utf-8"?><testsuites name="pytest tests"><testsuite name="pytest" errors="0" failures="0" skipped="0" tests="11" time="3.521" timestamp="2026-06-03T15:01:48.394829+00:00" hostname="agent-env-7c805989-a322-4813-8183-3ebbc0bbb460"><testcase classname="test_ai_lab.TestPaletteExtraction" name="test_extract_palette_ok" time="0.530" /><testcase classname="test_ai_lab.TestPaletteExtraction" name="test_extract_palette_bad_mime" time="0.135" /><testcase classname="test_ai_lab.TestPaletteExtraction" name="test_extract_palette_too_large" time="0.868" /><testcase classname="test_ai_lab.TestTemplateGeneration" name="test_generate_returns_pptx" time="0.221" /><testcase classname="test_ai_lab.TestTemplateGeneration" name="test_template_daily_limit_returns_429" time="0.634" /><testcase classname="test_ai_lab.TestDeckReviewValidation" name="test_deck_review_rejects_non_pdf" time="0.129" /><testcase classname="test_ai_lab.TestAdminAILabLeads" name="test_unauthorized_leads_list" time="0.138" /><testcase classname="test_ai_lab.TestAdminAILabLeads" name="test_unauthorized_csv" time="0.145" /><testcase classname="test_ai_lab.TestAdminAILabLeads" name="test_list_leads" time="0.250" /><testcase classname="test_ai_lab.TestAdminAILabLeads" name="test_filter_leads_by_tool" time="0.142" /><testcase classname="test_ai_lab.TestAdminAILabLeads" name="test_csv_export" time="0.146" /></testsuite></testsuites>