<?xml version="1.0" encoding="utf-8"?><testsuites name="pytest tests"><testsuite name="pytest" errors="0" failures="0" skipped="0" tests="29" time="6.441" timestamp="2026-05-23T18:26:07.389711+00:00" hostname="agent-env-7c805989-a322-4813-8183-3ebbc0bbb460"><testcase classname="test_onboarding_payments.TestRoot" name="test_root" time="0.136" /><testcase classname="test_onboarding_payments.TestCreateCheckout" name="test_invalid_package_id_returns_400" time="0.049" /><testcase classname="test_onboarding_payments.TestCreateCheckout" name="test_per_slide_missing_slide_count_returns_400" time="0.051" /><testcase classname="test_onboarding_payments.TestCreateCheckout" name="test_per_slide_amount_is_15_times_slide_count" time="0.700" /><testcase classname="test_onboarding_payments.TestCreateCheckout" name="test_monthly_retainer_amount_is_999" time="0.694" /><testcase classname="test_onboarding_payments.TestCreateCheckout" name="test_invalid_email_returns_422" time="0.054" /><testcase classname="test_onboarding_payments.TestCreateCheckout" name="test_missing_required_fields_returns_422" time="0.048" /><testcase classname="test_onboarding_payments.TestPaymentStatus" name="test_unknown_session_returns_404" time="0.047" /><testcase classname="test_onboarding_payments.TestPaymentStatus" name="test_known_session_returns_status" time="0.694" /><testcase classname="test_onboarding_payments.TestStripeWebhook" name="test_webhook_handles_invalid_payload_gracefully" time="0.048" /><testcase classname="test_admin_and_subscription.TestAdminAuth" name="test_admin_login_wrong_password_returns_401" time="0.141" /><testcase classname="test_admin_and_subscription.TestAdminAuth" name="test_admin_login_correct_password_returns_token" time="0.054" /><testcase classname="test_admin_and_subscription.TestAdminAuth" name="test_admin_login_missing_password_returns_422" time="0.056" /><testcase classname="test_admin_and_subscription.TestAdminAuth" name="test_submissions_without_auth_returns_401" time="0.059" /><testcase classname="test_admin_and_subscription.TestAdminAuth" name="test_submissions_with_invalid_token_returns_401" time="0.055" /><testcase classname="test_admin_and_subscription.TestAdminAuth" name="test_submissions_with_malformed_header_returns_401" time="0.059" /><testcase classname="test_admin_and_subscription.TestAdminAuth" name="test_admin_me_without_auth_returns_401" time="0.051" /><testcase classname="test_admin_and_subscription.TestAdminAuth" name="test_admin_me_with_valid_token_returns_authenticated" time="0.116" /><testcase classname="test_admin_and_subscription.TestAdminSubmissions" name="test_list_submissions_with_valid_token" time="0.518" /><testcase classname="test_admin_and_subscription.TestAdminSubmissions" name="test_filter_by_payment_status_pending" time="0.533" /><testcase classname="test_admin_and_subscription.TestAdminSubmissions" name="test_filter_by_payment_status_paid_only_paid" time="0.053" /><testcase classname="test_admin_and_subscription.TestSubscriptionFallback" name="test_monthly_retainer_returns_payment_mode_when_price_id_empty" time="0.404" /><testcase classname="test_admin_and_subscription.TestSubscriptionFallback" name="test_per_slide_still_returns_payment_mode_and_correct_amount" time="0.424" /><testcase classname="test_admin_and_subscription.TestPaymentTxFields" name="test_new_fields_persisted_in_mongo" time="0.489" /><testcase classname="test_admin_and_subscription.TestPaymentTxFields" name="test_maybe_send_emails_idempotent_codepath" time="0.451" /><testcase classname="test_admin_and_subscription.TestRegression" name="test_root_still_works" time="0.072" /><testcase classname="test_admin_and_subscription.TestRegression" name="test_webhook_still_handles_invalid_signature" time="0.079" /><testcase classname="test_admin_and_subscription.TestRegression" name="test_status_check_create_and_get" time="0.107" /><testcase classname="test_admin_and_subscription.TestRegression" name="test_payment_status_unknown_returns_404" time="0.057" /></testsuite></testsuites>