<?xml version="1.0" encoding="utf-8"?><testsuites name="pytest tests"><testsuite name="pytest" errors="0" failures="0" skipped="0" tests="19" time="4.021" timestamp="2026-05-23T18:25:57.244636+00:00" hostname="agent-env-7c805989-a322-4813-8183-3ebbc0bbb460"><testcase classname="test_admin_and_subscription.TestAdminAuth" name="test_admin_login_wrong_password_returns_401" time="0.251" /><testcase classname="test_admin_and_subscription.TestAdminAuth" name="test_admin_login_correct_password_returns_token" time="0.049" /><testcase classname="test_admin_and_subscription.TestAdminAuth" name="test_admin_login_missing_password_returns_422" time="0.047" /><testcase classname="test_admin_and_subscription.TestAdminAuth" name="test_submissions_without_auth_returns_401" time="0.047" /><testcase classname="test_admin_and_subscription.TestAdminAuth" name="test_submissions_with_invalid_token_returns_401" time="0.047" /><testcase classname="test_admin_and_subscription.TestAdminAuth" name="test_submissions_with_malformed_header_returns_401" time="0.050" /><testcase classname="test_admin_and_subscription.TestAdminAuth" name="test_admin_me_without_auth_returns_401" time="0.044" /><testcase classname="test_admin_and_subscription.TestAdminAuth" name="test_admin_me_with_valid_token_returns_authenticated" time="0.094" /><testcase classname="test_admin_and_subscription.TestAdminSubmissions" name="test_list_submissions_with_valid_token" time="0.633" /><testcase classname="test_admin_and_subscription.TestAdminSubmissions" name="test_filter_by_payment_status_pending" time="0.526" /><testcase classname="test_admin_and_subscription.TestAdminSubmissions" name="test_filter_by_payment_status_paid_only_paid" time="0.049" /><testcase classname="test_admin_and_subscription.TestSubscriptionFallback" name="test_monthly_retainer_returns_payment_mode_when_price_id_empty" time="0.416" /><testcase classname="test_admin_and_subscription.TestSubscriptionFallback" name="test_per_slide_still_returns_payment_mode_and_correct_amount" time="0.478" /><testcase classname="test_admin_and_subscription.TestPaymentTxFields" name="test_new_fields_persisted_in_mongo" time="0.419" /><testcase classname="test_admin_and_subscription.TestPaymentTxFields" name="test_maybe_send_emails_idempotent_codepath" time="0.466" /><testcase classname="test_admin_and_subscription.TestRegression" name="test_root_still_works" time="0.043" /><testcase classname="test_admin_and_subscription.TestRegression" name="test_webhook_still_handles_invalid_signature" time="0.050" /><testcase classname="test_admin_and_subscription.TestRegression" name="test_status_check_create_and_get" time="0.108" /><testcase classname="test_admin_and_subscription.TestRegression" name="test_payment_status_unknown_returns_404" time="0.048" /></testsuite></testsuites>