<?xml version="1.0" encoding="utf-8"?><testsuites name="pytest tests"><testsuite name="pytest" errors="0" failures="1" skipped="0" tests="37" time="5.544" timestamp="2026-05-23T19:40:30.037448+00:00" hostname="agent-env-7c805989-a322-4813-8183-3ebbc0bbb460"><testcase classname="test_templates_and_auth.TestAuthEndpoints" name="test_auth_me_without_token_returns_401" time="0.218" /><testcase classname="test_templates_and_auth.TestAuthEndpoints" name="test_auth_session_missing_header_returns_400" time="0.115" /><testcase classname="test_templates_and_auth.TestAuthEndpoints" name="test_auth_session_invalid_session_id_returns_401" time="0.188" /><testcase classname="test_templates_and_auth.TestAuthEndpoints" name="test_auth_me_with_bearer_token_returns_user" time="0.149" /><testcase classname="test_templates_and_auth.TestAuthEndpoints" name="test_auth_logout_clears_cookie" time="0.104" /><testcase classname="test_templates_and_auth.TestAdminTemplates" name="test_admin_create_template_no_auth_returns_401" time="0.112" /><testcase classname="test_templates_and_auth.TestAdminTemplates" name="test_admin_create_free_template" time="0.258" /><testcase classname="test_templates_and_auth.TestAdminTemplates" name="test_admin_create_paid_template" time="0.124" /><testcase classname="test_templates_and_auth.TestAdminTemplates" name="test_admin_reject_paid_with_zero_price" time="0.162" /><testcase classname="test_templates_and_auth.TestAdminTemplates" name="test_admin_patch_template" time="0.114" /><testcase classname="test_templates_and_auth.TestAdminTemplates" name="test_admin_patch_no_valid_fields_returns_400" time="0.100" /><testcase classname="test_templates_and_auth.TestAdminTemplates" name="test_admin_patch_nonexistent_returns_404" time="0.107" /><testcase classname="test_templates_and_auth.TestAdminTemplates" name="test_admin_list_templates_shows_file_url" time="0.109" /><testcase classname="test_templates_and_auth.TestPublicTemplates" name="test_list_templates_excludes_file_url" time="0.110" /><testcase classname="test_templates_and_auth.TestPublicTemplates" name="test_list_templates_filter_by_type_free" time="0.133" /><testcase classname="test_templates_and_auth.TestPublicTemplates" name="test_list_templates_filter_by_type_paid" time="0.099" /><testcase classname="test_templates_and_auth.TestPublicTemplates" name="test_list_templates_filter_by_category" time="0.151" /><testcase classname="test_templates_and_auth.TestPublicTemplates" name="test_list_templates_search" time="0.120" /><testcase classname="test_templates_and_auth.TestPublicTemplates" name="test_get_template_by_id_excludes_file_url" time="0.106" /><testcase classname="test_templates_and_auth.TestPublicTemplates" name="test_get_template_nonexistent_returns_404" time="0.108" /><testcase classname="test_templates_and_auth.TestProtectedUserEndpoints" name="test_access_template_without_auth_returns_401" time="0.095" /><testcase classname="test_templates_and_auth.TestProtectedUserEndpoints" name="test_access_template_with_auth_nonexistent_returns_404" time="0.109" /><testcase classname="test_templates_and_auth.TestProtectedUserEndpoints" name="test_access_free_template_returns_download_url" time="0.115" /><testcase classname="test_templates_and_auth.TestProtectedUserEndpoints" name="test_my_library_without_auth_returns_401" time="0.108" /><testcase classname="test_templates_and_auth.TestProtectedUserEndpoints" name="test_my_library_with_auth_returns_empty" time="0.102" /><testcase classname="test_templates_and_auth.TestRegression" name="test_root" time="0.122" /><testcase classname="test_templates_and_auth.TestRegression" name="test_admin_login_wrong_password" time="0.101" /><testcase classname="test_templates_and_auth.TestRegression" name="test_admin_submissions_with_token" time="0.103" /><testcase classname="test_templates_and_auth.TestRegression" name="test_payments_status_unknown_returns_404" time="0.101" /><testcase classname="test_templates_and_auth.TestRegression" name="test_onboarding_invalid_package" time="0.153" /><testcase classname="test_templates_and_auth.TestRegression" name="test_webhook_stripe_invalid_sig_returns_200" time="0.133" /><testcase classname="test_templates_and_auth.TestRegression" name="test_auth_logout_endpoint" time="0.094" /><testcase classname="test_templates_and_auth.TestPaidTemplatePurchase" name="test_access_paid_template_creates_checkout" time="0.590" /><testcase classname="test_templates_and_auth.TestPaidTemplatePurchase" name="test_payments_status_for_template_session" time="0.285"><failure message="AssertionError: {&quot;detail&quot;:&quot;Unexpected error retrieving session status: 1 validation error for CheckoutStatusResponse\nmetadata\n  Input should be a valid dictionary [type=dict_type, input_value=&lt;StripeObject at 0xfc510c...ud/api/webhook/stripe\&quot;\n}, input_type=StripeObject]\n    For further information visit https://errors.pydantic.dev/2.13/v/dict_type&quot;}&#10;assert 500 == 200&#10; +  where 500 = &lt;Response [500]&gt;.status_code">backend/tests/test_templates_and_auth.py:401: in test_payments_status_for_template_session
    assert r.status_code == 200, r.text
E   AssertionError: {"detail":"Unexpected error retrieving session status: 1 validation error for CheckoutStatusResponse\nmetadata\n  Input should be a valid dictionary [type=dict_type, input_value=&lt;StripeObject at 0xfc510c...ud/api/webhook/stripe\"\n}, input_type=StripeObject]\n    For further information visit https://errors.pydantic.dev/2.13/v/dict_type"}
E   assert 500 == 200
E    +  where 500 = &lt;Response [500]&gt;.status_code</failure></testcase><testcase classname="test_templates_and_auth.TestZCleanup" name="test_admin_delete_free_template" time="0.243" /><testcase classname="test_templates_and_auth.TestZCleanup" name="test_admin_delete_paid_template" time="0.097" /><testcase classname="test_templates_and_auth.TestZCleanup" name="test_admin_delete_nonexistent_returns_404" time="0.113" /></testsuite></testsuites>