<?xml version="1.0" encoding="utf-8"?><testsuites name="pytest tests"><testsuite name="pytest" errors="0" failures="0" skipped="0" tests="10" time="2.947" timestamp="2026-05-23T18:11:29.918452+00:00" hostname="agent-env-7c805989-a322-4813-8183-3ebbc0bbb460"><testcase classname="backend.tests.test_onboarding_payments.TestRoot" name="test_root" time="0.235" /><testcase classname="backend.tests.test_onboarding_payments.TestCreateCheckout" name="test_invalid_package_id_returns_400" time="0.052" /><testcase classname="backend.tests.test_onboarding_payments.TestCreateCheckout" name="test_per_slide_missing_slide_count_returns_400" time="0.051" /><testcase classname="backend.tests.test_onboarding_payments.TestCreateCheckout" name="test_per_slide_amount_is_15_times_slide_count" time="0.714" /><testcase classname="backend.tests.test_onboarding_payments.TestCreateCheckout" name="test_monthly_retainer_amount_is_999" time="0.675" /><testcase classname="backend.tests.test_onboarding_payments.TestCreateCheckout" name="test_invalid_email_returns_422" time="0.063" /><testcase classname="backend.tests.test_onboarding_payments.TestCreateCheckout" name="test_missing_required_fields_returns_422" time="0.052" /><testcase classname="backend.tests.test_onboarding_payments.TestPaymentStatus" name="test_unknown_session_returns_404" time="0.196" /><testcase classname="backend.tests.test_onboarding_payments.TestPaymentStatus" name="test_known_session_returns_status" time="0.792" /><testcase classname="backend.tests.test_onboarding_payments.TestStripeWebhook" name="test_webhook_handles_invalid_payload_gracefully" time="0.047" /></testsuite></testsuites>