<?xml version="1.0" encoding="utf-8"?><testsuites name="pytest tests"><testsuite name="pytest" errors="0" failures="2" skipped="0" tests="66" time="11.795" timestamp="2026-05-23T19:43:10.473041+00:00" hostname="agent-env-7c805989-a322-4813-8183-3ebbc0bbb460"><testcase classname="test_templates_and_auth.TestAuthEndpoints" name="test_auth_me_without_token_returns_401" time="0.205" /><testcase classname="test_templates_and_auth.TestAuthEndpoints" name="test_auth_session_missing_header_returns_400" time="0.110" /><testcase classname="test_templates_and_auth.TestAuthEndpoints" name="test_auth_session_invalid_session_id_returns_401" time="0.194" /><testcase classname="test_templates_and_auth.TestAuthEndpoints" name="test_auth_me_with_bearer_token_returns_user" time="0.104" /><testcase classname="test_templates_and_auth.TestAuthEndpoints" name="test_auth_logout_clears_cookie" time="0.121" /><testcase classname="test_templates_and_auth.TestAdminTemplates" name="test_admin_create_template_no_auth_returns_401" time="0.102" /><testcase classname="test_templates_and_auth.TestAdminTemplates" name="test_admin_create_free_template" time="0.209" /><testcase classname="test_templates_and_auth.TestAdminTemplates" name="test_admin_create_paid_template" time="0.107" /><testcase classname="test_templates_and_auth.TestAdminTemplates" name="test_admin_reject_paid_with_zero_price" time="0.123" /><testcase classname="test_templates_and_auth.TestAdminTemplates" name="test_admin_patch_template" time="0.105" /><testcase classname="test_templates_and_auth.TestAdminTemplates" name="test_admin_patch_no_valid_fields_returns_400" time="0.163" /><testcase classname="test_templates_and_auth.TestAdminTemplates" name="test_admin_patch_nonexistent_returns_404" time="0.117" /><testcase classname="test_templates_and_auth.TestAdminTemplates" name="test_admin_list_templates_shows_file_url" time="0.112" /><testcase classname="test_templates_and_auth.TestPublicTemplates" name="test_list_templates_excludes_file_url" time="0.101" /><testcase classname="test_templates_and_auth.TestPublicTemplates" name="test_list_templates_filter_by_type_free" time="0.111" /><testcase classname="test_templates_and_auth.TestPublicTemplates" name="test_list_templates_filter_by_type_paid" time="0.098" /><testcase classname="test_templates_and_auth.TestPublicTemplates" name="test_list_templates_filter_by_category" time="0.106" /><testcase classname="test_templates_and_auth.TestPublicTemplates" name="test_list_templates_search" time="0.106" /><testcase classname="test_templates_and_auth.TestPublicTemplates" name="test_get_template_by_id_excludes_file_url" time="0.098" /><testcase classname="test_templates_and_auth.TestPublicTemplates" name="test_get_template_nonexistent_returns_404" time="0.119" /><testcase classname="test_templates_and_auth.TestProtectedUserEndpoints" name="test_access_template_without_auth_returns_401" time="0.133" /><testcase classname="test_templates_and_auth.TestProtectedUserEndpoints" name="test_access_template_with_auth_nonexistent_returns_404" time="0.112" /><testcase classname="test_templates_and_auth.TestProtectedUserEndpoints" name="test_access_free_template_returns_download_url" time="0.104" /><testcase classname="test_templates_and_auth.TestProtectedUserEndpoints" name="test_my_library_without_auth_returns_401" time="0.098" /><testcase classname="test_templates_and_auth.TestProtectedUserEndpoints" name="test_my_library_with_auth_returns_empty" time="0.101" /><testcase classname="test_templates_and_auth.TestRegression" name="test_root" time="0.102" /><testcase classname="test_templates_and_auth.TestRegression" name="test_admin_login_wrong_password" time="0.106" /><testcase classname="test_templates_and_auth.TestRegression" name="test_admin_submissions_with_token" time="0.113" /><testcase classname="test_templates_and_auth.TestRegression" name="test_payments_status_unknown_returns_404" time="0.116" /><testcase classname="test_templates_and_auth.TestRegression" name="test_onboarding_invalid_package" time="0.102" /><testcase classname="test_templates_and_auth.TestRegression" name="test_webhook_stripe_invalid_sig_returns_200" time="0.101" /><testcase classname="test_templates_and_auth.TestRegression" name="test_auth_logout_endpoint" time="0.094" /><testcase classname="test_templates_and_auth.TestPaidTemplatePurchase" name="test_access_paid_template_creates_checkout" time="0.580" /><testcase classname="test_templates_and_auth.TestPaidTemplatePurchase" name="test_payments_status_for_template_session" time="0.266" /><testcase classname="test_templates_and_auth.TestZCleanup" name="test_admin_delete_free_template" time="0.207" /><testcase classname="test_templates_and_auth.TestZCleanup" name="test_admin_delete_paid_template" time="0.094" /><testcase classname="test_templates_and_auth.TestZCleanup" name="test_admin_delete_nonexistent_returns_404" time="0.104" /><testcase classname="test_onboarding_payments.TestRoot" name="test_root" time="0.128" /><testcase classname="test_onboarding_payments.TestCreateCheckout" name="test_invalid_package_id_returns_400" time="0.058" /><testcase classname="test_onboarding_payments.TestCreateCheckout" name="test_per_slide_missing_slide_count_returns_400" time="0.055" /><testcase classname="test_onboarding_payments.TestCreateCheckout" name="test_per_slide_amount_is_15_times_slide_count" time="0.622" /><testcase classname="test_onboarding_payments.TestCreateCheckout" name="test_monthly_retainer_amount_is_999" time="0.738" /><testcase classname="test_onboarding_payments.TestCreateCheckout" name="test_invalid_email_returns_422" time="0.051" /><testcase classname="test_onboarding_payments.TestCreateCheckout" name="test_missing_required_fields_returns_422" time="0.049" /><testcase classname="test_onboarding_payments.TestPaymentStatus" name="test_unknown_session_returns_404" time="0.050" /><testcase classname="test_onboarding_payments.TestPaymentStatus" name="test_known_session_returns_status" time="0.711" /><testcase classname="test_onboarding_payments.TestStripeWebhook" name="test_webhook_handles_invalid_payload_gracefully" time="0.052" /><testcase classname="test_admin_and_subscription.TestAdminAuth" name="test_admin_login_wrong_password_returns_401" time="0.114" /><testcase classname="test_admin_and_subscription.TestAdminAuth" name="test_admin_login_correct_password_returns_token" time="0.048" /><testcase classname="test_admin_and_subscription.TestAdminAuth" name="test_admin_login_missing_password_returns_422" time="0.050" /><testcase classname="test_admin_and_subscription.TestAdminAuth" name="test_submissions_without_auth_returns_401" time="0.062" /><testcase classname="test_admin_and_subscription.TestAdminAuth" name="test_submissions_with_invalid_token_returns_401" time="0.049" /><testcase classname="test_admin_and_subscription.TestAdminAuth" name="test_submissions_with_malformed_header_returns_401" time="0.055" /><testcase classname="test_admin_and_subscription.TestAdminAuth" name="test_admin_me_without_auth_returns_401" time="0.056" /><testcase classname="test_admin_and_subscription.TestAdminAuth" name="test_admin_me_with_valid_token_returns_authenticated" time="0.102" /><testcase classname="test_admin_and_subscription.TestAdminSubmissions" name="test_list_submissions_with_valid_token" time="0.544" /><testcase classname="test_admin_and_subscription.TestAdminSubmissions" name="test_filter_by_payment_status_pending" time="0.593" /><testcase classname="test_admin_and_subscription.TestAdminSubmissions" name="test_filter_by_payment_status_paid_only_paid" time="0.050" /><testcase classname="test_admin_and_subscription.TestSubscriptionFallback" name="test_monthly_retainer_returns_payment_mode_when_price_id_empty" time="0.583"><failure message="AssertionError: Expected fallback mode=payment, got subscription&#10;assert 'subscription' == 'payment'&#10;  &#10;  - payment&#10;  + subscription">backend/tests/test_admin_and_subscription.py:197: in test_monthly_retainer_returns_payment_mode_when_price_id_empty
    assert data["mode"] == "payment", f"Expected fallback mode=payment, got {data.get('mode')}"
E   AssertionError: Expected fallback mode=payment, got subscription
E   assert 'subscription' == 'payment'
E     
E     - payment
E     + subscription</failure></testcase><testcase classname="test_admin_and_subscription.TestSubscriptionFallback" name="test_per_slide_still_returns_payment_mode_and_correct_amount" time="0.414" /><testcase classname="test_admin_and_subscription.TestPaymentTxFields" name="test_new_fields_persisted_in_mongo" time="0.530"><failure message="AssertionError: assert 'subscription' == 'payment'&#10;  &#10;  - payment&#10;  + subscription">backend/tests/test_admin_and_subscription.py:226: in test_new_fields_persisted_in_mongo
    assert doc["mode"] == "payment"
E   AssertionError: assert 'subscription' == 'payment'
E     
E     - payment
E     + subscription</failure></testcase><testcase classname="test_admin_and_subscription.TestPaymentTxFields" name="test_maybe_send_emails_idempotent_codepath" time="0.508" /><testcase classname="test_admin_and_subscription.TestRegression" name="test_root_still_works" time="0.046" /><testcase classname="test_admin_and_subscription.TestRegression" name="test_webhook_still_handles_invalid_signature" time="0.049" /><testcase classname="test_admin_and_subscription.TestRegression" name="test_status_check_create_and_get" time="0.105" /><testcase classname="test_admin_and_subscription.TestRegression" name="test_payment_status_unknown_returns_404" time="0.058" /></testsuite></testsuites>